[debug] [2025-12-07T12:30:37.275Z] ----------------------------------------------------------------------
[debug] [2025-12-07T12:30:37.276Z] Command:       /opt/homebrew/Cellar/node/25.2.1/bin/node /opt/homebrew/bin/firebase deploy
[debug] [2025-12-07T12:30:37.276Z] CLI Version:   14.27.0
[debug] [2025-12-07T12:30:37.276Z] Platform:      darwin
[debug] [2025-12-07T12:30:37.276Z] Node Version:  v25.2.1
[debug] [2025-12-07T12:30:37.276Z] Time:          Sun Dec 07 2025 13:30:37 GMT+0100 (Central European Standard Time)
[debug] [2025-12-07T12:30:37.276Z] ----------------------------------------------------------------------
[debug] 
[debug] [2025-12-07T12:30:37.379Z] > command requires scopes: ["email","openid","https://www.googleapis.com/auth/cloudplatformprojects.readonly","https://www.googleapis.com/auth/firebase","https://www.googleapis.com/auth/cloud-platform"]
[debug] [2025-12-07T12:30:37.379Z] > authorizing via signed-in user (max.gaiduk2005@gmail.com)
[debug] [2025-12-07T12:30:37.379Z] [iam] checking project sofia-movies for permissions ["cloudfunctions.functions.create","cloudfunctions.functions.delete","cloudfunctions.functions.get","cloudfunctions.functions.list","cloudfunctions.functions.update","cloudfunctions.operations.get","firebase.projects.get","firebasehosting.sites.update"]
[debug] [2025-12-07T12:30:37.380Z] Checked if tokens are valid: true, expires at: 1765114207473
[debug] [2025-12-07T12:30:37.380Z] Checked if tokens are valid: true, expires at: 1765114207473
[debug] [2025-12-07T12:30:37.380Z] >>> [apiv2][query] POST https://cloudresourcemanager.googleapis.com/v1/projects/sofia-movies:testIamPermissions [none]
[debug] [2025-12-07T12:30:37.380Z] >>> [apiv2][(partial)header] POST https://cloudresourcemanager.googleapis.com/v1/projects/sofia-movies:testIamPermissions x-goog-quota-user=projects/sofia-movies
[debug] [2025-12-07T12:30:37.381Z] >>> [apiv2][body] POST https://cloudresourcemanager.googleapis.com/v1/projects/sofia-movies:testIamPermissions {"permissions":["cloudfunctions.functions.create","cloudfunctions.functions.delete","cloudfunctions.functions.get","cloudfunctions.functions.list","cloudfunctions.functions.update","cloudfunctions.operations.get","firebase.projects.get","firebasehosting.sites.update"]}
[debug] [2025-12-07T12:30:38.076Z] <<< [apiv2][status] POST https://cloudresourcemanager.googleapis.com/v1/projects/sofia-movies:testIamPermissions 200
[debug] [2025-12-07T12:30:38.077Z] <<< [apiv2][body] POST https://cloudresourcemanager.googleapis.com/v1/projects/sofia-movies:testIamPermissions {}
[debug] [2025-12-07T12:30:38.077Z] [iam] error while checking permissions, command may fail: Authorization failed. This account is missing the following required permissions on project sofia-movies:

  cloudfunctions.functions.create
  cloudfunctions.functions.delete
  cloudfunctions.functions.get
  cloudfunctions.functions.list
  cloudfunctions.functions.update
  cloudfunctions.operations.get
  firebase.projects.get
  firebasehosting.sites.update
[debug] [2025-12-07T12:30:38.077Z] Checked if tokens are valid: true, expires at: 1765114207473
[debug] [2025-12-07T12:30:38.077Z] Checked if tokens are valid: true, expires at: 1765114207473
[debug] [2025-12-07T12:30:38.078Z] >>> [apiv2][query] POST https://iam.googleapis.com/v1/projects/sofia-movies/serviceAccounts/sofia-movies@appspot.gserviceaccount.com:testIamPermissions [none]
[debug] [2025-12-07T12:30:38.078Z] >>> [apiv2][body] POST https://iam.googleapis.com/v1/projects/sofia-movies/serviceAccounts/sofia-movies@appspot.gserviceaccount.com:testIamPermissions {"permissions":["iam.serviceAccounts.actAs"]}
[debug] [2025-12-07T12:30:38.702Z] <<< [apiv2][status] POST https://iam.googleapis.com/v1/projects/sofia-movies/serviceAccounts/sofia-movies@appspot.gserviceaccount.com:testIamPermissions 404
[debug] [2025-12-07T12:30:38.702Z] <<< [apiv2][body] POST https://iam.googleapis.com/v1/projects/sofia-movies/serviceAccounts/sofia-movies@appspot.gserviceaccount.com:testIamPermissions {"error":{"code":404,"message":"Unknown service account","status":"NOT_FOUND"}}
[debug] [2025-12-07T12:30:38.703Z] [functions] service account IAM check errored, deploy may fail: Request to https://iam.googleapis.com/v1/projects/sofia-movies/serviceAccounts/sofia-movies@appspot.gserviceaccount.com:testIamPermissions had HTTP Error: 404, Unknown service account {"name":"FirebaseError","children":[],"context":{"body":{"error":{"code":404,"message":"Unknown service account","status":"NOT_FOUND"}},"response":{"statusCode":404}},"exit":1,"message":"Request to https://iam.googleapis.com/v1/projects/sofia-movies/serviceAccounts/sofia-movies@appspot.gserviceaccount.com:testIamPermissions had HTTP Error: 404, Unknown service account","status":404}
[debug] [2025-12-07T12:30:38.704Z] Checked if tokens are valid: true, expires at: 1765114207473
[debug] [2025-12-07T12:30:38.704Z] Checked if tokens are valid: true, expires at: 1765114207473
[debug] [2025-12-07T12:30:38.705Z] >>> [apiv2][query] GET https://firebase.googleapis.com/v1beta1/projects/sofia-movies [none]
[debug] [2025-12-07T12:30:39.386Z] <<< [apiv2][status] GET https://firebase.googleapis.com/v1beta1/projects/sofia-movies 403
[debug] [2025-12-07T12:30:39.386Z] <<< [apiv2][body] GET https://firebase.googleapis.com/v1beta1/projects/sofia-movies {"error":{"code":403,"message":"The caller does not have permission","status":"PERMISSION_DENIED"}}
[debug] [2025-12-07T12:30:39.386Z] Request to https://firebase.googleapis.com/v1beta1/projects/sofia-movies had HTTP Error: 403, The caller does not have permission
[debug] [2025-12-07T12:30:39.524Z] FirebaseError: Request to https://firebase.googleapis.com/v1beta1/projects/sofia-movies had HTTP Error: 403, The caller does not have permission
    at responseToError (/opt/homebrew/lib/node_modules/firebase-tools/lib/responseToError.js:53:12)
    at RetryOperation._fn (/opt/homebrew/lib/node_modules/firebase-tools/lib/apiv2.js:322:77)
    at process.processTicksAndRejections (node:internal/process/task_queues:103:5)
[error] 
[error] Error: Failed to get Firebase project sofia-movies. Please make sure the project exists and your account has permission to access it.
